[INFO  - 2015-05-18T14:39:02.662Z] GhostDriver - Main - running on port 7604
[INFO  - 2015-05-18T14:39:03.928Z] Session [a167a610-fd6b-11e4-b170-95e4e50c143e] - page.settings - {"XSSAuditingEnabled":false,"javascriptCanCloseWindows":true,"javascriptCanOpenWindows":true,"javascriptEnabled":true,"loadImages":true,"localToRemoteUrlAccessEnabled":false,"userAgent":"Mozilla/5.0 (Windows NT 6.1; WOW64) AppleWebKit/538.1 (KHTML, like Gecko) PhantomJS/2.0.0 Safari/538.1","webSecurityEnabled":true}
[INFO  - 2015-05-18T14:39:03.928Z] Session [a167a610-fd6b-11e4-b170-95e4e50c143e] - page.customHeaders:  - {}
[INFO  - 2015-05-18T14:39:03.929Z] Session [a167a610-fd6b-11e4-b170-95e4e50c143e] - Session.negotiatedCapabilities - {"browserName":"phantomjs","version":"2.0.0","driverName":"ghostdriver","driverVersion":"1.2.0","platform":"windows-7-32bit","javascriptEnabled":true,"takesScreenshot":false,"handlesAlerts":false,"databaseEnabled":false,"locationContextEnabled":false,"applicationCacheEnabled":false,"browserConnectionEnabled":false,"cssSelectorsEnabled":true,"webStorageEnabled":false,"rotatable":false,"acceptSslCerts":false,"nativeEvents":true,"proxy":{"proxyType":"direct"}}
[INFO  - 2015-05-18T14:39:03.929Z] SessionManagerReqHand - _postNewSessionCommand - New Session Created: a167a610-fd6b-11e4-b170-95e4e50c143e
[INFO  - 2015-05-18T14:39:06.992Z] ShutdownReqHand - _handle - About to shutdown
[INFO  - 2015-05-18T14:46:06.788Z] GhostDriver - Main - running on port 20404
[INFO  - 2015-05-18T14:46:07.401Z] Session [9dd0a730-fd6c-11e4-b7a8-e32fe5d12e6f] - page.settings - {"XSSAuditingEnabled":false,"javascriptCanCloseWindows":true,"javascriptCanOpenWindows":true,"javascriptEnabled":true,"loadImages":true,"localToRemoteUrlAccessEnabled":false,"userAgent":"Mozilla/5.0 (Windows NT 6.1; WOW64) AppleWebKit/538.1 (KHTML, like Gecko) PhantomJS/2.0.0 Safari/538.1","webSecurityEnabled":true}
[INFO  - 2015-05-18T14:46:07.402Z] Session [9dd0a730-fd6c-11e4-b7a8-e32fe5d12e6f] - page.customHeaders:  - {}
[INFO  - 2015-05-18T14:46:07.402Z] Session [9dd0a730-fd6c-11e4-b7a8-e32fe5d12e6f] - Session.negotiatedCapabilities - {"browserName":"phantomjs","version":"2.0.0","driverName":"ghostdriver","driverVersion":"1.2.0","platform":"windows-7-32bit","javascriptEnabled":true,"takesScreenshot":false,"handlesAlerts":false,"databaseEnabled":false,"locationContextEnabled":false,"applicationCacheEnabled":false,"browserConnectionEnabled":false,"cssSelectorsEnabled":true,"webStorageEnabled":false,"rotatable":false,"acceptSslCerts":false,"nativeEvents":true,"proxy":{"proxyType":"direct"}}
[INFO  - 2015-05-18T14:46:07.402Z] SessionManagerReqHand - _postNewSessionCommand - New Session Created: 9dd0a730-fd6c-11e4-b7a8-e32fe5d12e6f
[INFO  - 2015-05-18T14:46:10.123Z] Session [9dd0a730-fd6c-11e4-b7a8-e32fe5d12e6f] - page.settings - {"XSSAuditingEnabled":false,"javascriptCanCloseWindows":true,"javascriptCanOpenWindows":true,"javascriptEnabled":true,"loadImages":true,"localToRemoteUrlAccessEnabled":false,"userAgent":"Mozilla/5.0 (Windows NT 6.1; WOW64) AppleWebKit/538.1 (KHTML, like Gecko) PhantomJS/2.0.0 Safari/538.1","webSecurityEnabled":true}
[INFO  - 2015-05-18T14:46:10.123Z] Session [9dd0a730-fd6c-11e4-b7a8-e32fe5d12e6f] - page.customHeaders:  - {}
[INFO  - 2015-05-18T14:46:11.532Z] ShutdownReqHand - _handle - About to shutdown
[INFO  - 2015-05-18T15:26:08.117Z] GhostDriver - Main - running on port 41281
[INFO  - 2015-05-18T15:26:08.634Z] Session [350fbb40-fd72-11e4-bb35-a34282bb0d9e] - page.settings - {"XSSAuditingEnabled":false,"javascriptCanCloseWindows":true,"javascriptCanOpenWindows":true,"javascriptEnabled":true,"loadImages":true,"localToRemoteUrlAccessEnabled":false,"userAgent":"Mozilla/5.0 (Windows NT 6.1; WOW64) AppleWebKit/538.1 (KHTML, like Gecko) PhantomJS/2.0.0 Safari/538.1","webSecurityEnabled":true}
[INFO  - 2015-05-18T15:26:08.634Z] Session [350fbb40-fd72-11e4-bb35-a34282bb0d9e] - page.customHeaders:  - {}
[INFO  - 2015-05-18T15:26:08.634Z] Session [350fbb40-fd72-11e4-bb35-a34282bb0d9e] - Session.negotiatedCapabilities - {"browserName":"phantomjs","version":"2.0.0","driverName":"ghostdriver","driverVersion":"1.2.0","platform":"windows-7-32bit","javascriptEnabled":true,"takesScreenshot":false,"handlesAlerts":false,"databaseEnabled":false,"locationContextEnabled":false,"applicationCacheEnabled":false,"browserConnectionEnabled":false,"cssSelectorsEnabled":true,"webStorageEnabled":false,"rotatable":false,"acceptSslCerts":false,"nativeEvents":true,"proxy":{"proxyType":"direct"}}
[INFO  - 2015-05-18T15:26:08.635Z] SessionManagerReqHand - _postNewSessionCommand - New Session Created: 350fbb40-fd72-11e4-bb35-a34282bb0d9e
[INFO  - 2015-05-18T15:26:11.862Z] Session [350fbb40-fd72-11e4-bb35-a34282bb0d9e] - page.settings - {"XSSAuditingEnabled":false,"javascriptCanCloseWindows":true,"javascriptCanOpenWindows":true,"javascriptEnabled":true,"loadImages":true,"localToRemoteUrlAccessEnabled":false,"userAgent":"Mozilla/5.0 (Windows NT 6.1; WOW64) AppleWebKit/538.1 (KHTML, like Gecko) PhantomJS/2.0.0 Safari/538.1","webSecurityEnabled":true}
[INFO  - 2015-05-18T15:26:11.862Z] Session [350fbb40-fd72-11e4-bb35-a34282bb0d9e] - page.customHeaders:  - {}
[INFO  - 2015-05-18T15:26:13.482Z] ShutdownReqHand - _handle - About to shutdown
[INFO  - 2015-05-18T15:31:36.354Z] GhostDriver - Main - running on port 41290
[INFO  - 2015-05-18T15:31:36.925Z] Session [f8bcf670-fd72-11e4-b910-dbeb8c45c37e] - page.settings - {"XSSAuditingEnabled":false,"javascriptCanCloseWindows":true,"javascriptCanOpenWindows":true,"javascriptEnabled":true,"loadImages":true,"localToRemoteUrlAccessEnabled":false,"userAgent":"Mozilla/5.0 (Windows NT 6.1; WOW64) AppleWebKit/538.1 (KHTML, like Gecko) PhantomJS/2.0.0 Safari/538.1","webSecurityEnabled":true}
[INFO  - 2015-05-18T15:31:36.926Z] Session [f8bcf670-fd72-11e4-b910-dbeb8c45c37e] - page.customHeaders:  - {}
[INFO  - 2015-05-18T15:31:36.926Z] Session [f8bcf670-fd72-11e4-b910-dbeb8c45c37e] - Session.negotiatedCapabilities - {"browserName":"phantomjs","version":"2.0.0","driverName":"ghostdriver","driverVersion":"1.2.0","platform":"windows-7-32bit","javascriptEnabled":true,"takesScreenshot":false,"handlesAlerts":false,"databaseEnabled":false,"locationContextEnabled":false,"applicationCacheEnabled":false,"browserConnectionEnabled":false,"cssSelectorsEnabled":true,"webStorageEnabled":false,"rotatable":false,"acceptSslCerts":false,"nativeEvents":true,"proxy":{"proxyType":"direct"}}
[INFO  - 2015-05-18T15:31:36.926Z] SessionManagerReqHand - _postNewSessionCommand - New Session Created: f8bcf670-fd72-11e4-b910-dbeb8c45c37e
[INFO  - 2015-05-18T15:31:40.100Z] Session [f8bcf670-fd72-11e4-b910-dbeb8c45c37e] - page.settings - {"XSSAuditingEnabled":false,"javascriptCanCloseWindows":true,"javascriptCanOpenWindows":true,"javascriptEnabled":true,"loadImages":true,"localToRemoteUrlAccessEnabled":false,"userAgent":"Mozilla/5.0 (Windows NT 6.1; WOW64) AppleWebKit/538.1 (KHTML, like Gecko) PhantomJS/2.0.0 Safari/538.1","webSecurityEnabled":true}
[INFO  - 2015-05-18T15:31:40.101Z] Session [f8bcf670-fd72-11e4-b910-dbeb8c45c37e] - page.customHeaders:  - {}
[INFO  - 2015-05-18T15:31:41.525Z] ShutdownReqHand - _handle - About to shutdown
[INFO  - 2015-05-18T15:59:26.808Z] GhostDriver - Main - running on port 2082
[INFO  - 2015-05-18T15:59:27.396Z] Session [dc6a74d0-fd76-11e4-8517-e17c9e61a0b1] - page.settings - {"XSSAuditingEnabled":false,"javascriptCanCloseWindows":true,"javascriptCanOpenWindows":true,"javascriptEnabled":true,"loadImages":true,"localToRemoteUrlAccessEnabled":false,"userAgent":"Mozilla/5.0 (Windows NT 6.1; WOW64) AppleWebKit/538.1 (KHTML, like Gecko) PhantomJS/2.0.0 Safari/538.1","webSecurityEnabled":true}
[INFO  - 2015-05-18T15:59:27.396Z] Session [dc6a74d0-fd76-11e4-8517-e17c9e61a0b1] - page.customHeaders:  - {}
[INFO  - 2015-05-18T15:59:27.397Z] Session [dc6a74d0-fd76-11e4-8517-e17c9e61a0b1] - Session.negotiatedCapabilities - {"browserName":"phantomjs","version":"2.0.0","driverName":"ghostdriver","driverVersion":"1.2.0","platform":"windows-7-32bit","javascriptEnabled":true,"takesScreenshot":true,"handlesAlerts":false,"databaseEnabled":false,"locationContextEnabled":false,"applicationCacheEnabled":false,"browserConnectionEnabled":false,"cssSelectorsEnabled":true,"webStorageEnabled":false,"rotatable":false,"acceptSslCerts":false,"nativeEvents":true,"proxy":{"proxyType":"direct"}}
[INFO  - 2015-05-18T15:59:27.397Z] SessionManagerReqHand - _postNewSessionCommand - New Session Created: dc6a74d0-fd76-11e4-8517-e17c9e61a0b1
[INFO  - 2015-05-18T15:59:30.850Z] Session [dc6a74d0-fd76-11e4-8517-e17c9e61a0b1] - page.settings - {"XSSAuditingEnabled":false,"javascriptCanCloseWindows":true,"javascriptCanOpenWindows":true,"javascriptEnabled":true,"loadImages":true,"localToRemoteUrlAccessEnabled":false,"userAgent":"Mozilla/5.0 (Windows NT 6.1; WOW64) AppleWebKit/538.1 (KHTML, like Gecko) PhantomJS/2.0.0 Safari/538.1","webSecurityEnabled":true}
[INFO  - 2015-05-18T15:59:30.850Z] Session [dc6a74d0-fd76-11e4-8517-e17c9e61a0b1] - page.customHeaders:  - {}
[INFO  - 2015-05-18T15:59:32.418Z] ShutdownReqHand - _handle - About to shutdown
[INFO  - 2015-05-18T18:18:39.038Z] GhostDriver - Main - running on port 8349
[INFO  - 2015-05-18T18:18:39.590Z] Session [4eb61ef0-fd8a-11e4-9a5d-c9b25aa4d900] - page.settings - {"XSSAuditingEnabled":false,"javascriptCanCloseWindows":true,"javascriptCanOpenWindows":true,"javascriptEnabled":true,"loadImages":true,"localToRemoteUrlAccessEnabled":false,"userAgent":"Mozilla/5.0 (Windows NT 6.1; WOW64) AppleWebKit/538.1 (KHTML, like Gecko) PhantomJS/2.0.0 Safari/538.1","webSecurityEnabled":true}
[INFO  - 2015-05-18T18:18:39.590Z] Session [4eb61ef0-fd8a-11e4-9a5d-c9b25aa4d900] - page.customHeaders:  - {}
[INFO  - 2015-05-18T18:18:39.590Z] Session [4eb61ef0-fd8a-11e4-9a5d-c9b25aa4d900] - Session.negotiatedCapabilities - {"browserName":"phantomjs","version":"2.0.0","driverName":"ghostdriver","driverVersion":"1.2.0","platform":"windows-7-32bit","javascriptEnabled":true,"takesScreenshot":true,"handlesAlerts":false,"databaseEnabled":false,"locationContextEnabled":false,"applicationCacheEnabled":false,"browserConnectionEnabled":false,"cssSelectorsEnabled":true,"webStorageEnabled":false,"rotatable":false,"acceptSslCerts":false,"nativeEvents":true,"proxy":{"proxyType":"direct"}}
[INFO  - 2015-05-18T18:18:39.591Z] SessionManagerReqHand - _postNewSessionCommand - New Session Created: 4eb61ef0-fd8a-11e4-9a5d-c9b25aa4d900
[INFO  - 2015-05-18T18:18:45.127Z] Session [4eb61ef0-fd8a-11e4-9a5d-c9b25aa4d900] - page.settings - {"XSSAuditingEnabled":false,"javascriptCanCloseWindows":true,"javascriptCanOpenWindows":true,"javascriptEnabled":true,"loadImages":true,"localToRemoteUrlAccessEnabled":false,"userAgent":"Mozilla/5.0 (Windows NT 6.1; WOW64) AppleWebKit/538.1 (KHTML, like Gecko) PhantomJS/2.0.0 Safari/538.1","webSecurityEnabled":true}
[INFO  - 2015-05-18T18:18:45.127Z] Session [4eb61ef0-fd8a-11e4-9a5d-c9b25aa4d900] - page.customHeaders:  - {}
[INFO  - 2015-05-18T18:18:46.645Z] ShutdownReqHand - _handle - About to shutdown
[INFO  - 2015-05-18T18:27:53.653Z] GhostDriver - Main - running on port 1445
[INFO  - 2015-05-18T18:27:54.210Z] Session [994a6ab0-fd8b-11e4-955c-412140d3a45d] - page.settings - {"XSSAuditingEnabled":false,"javascriptCanCloseWindows":true,"javascriptCanOpenWindows":true,"javascriptEnabled":true,"loadImages":true,"localToRemoteUrlAccessEnabled":false,"userAgent":"Mozilla/5.0 (Windows NT 6.1; WOW64) AppleWebKit/538.1 (KHTML, like Gecko) PhantomJS/2.0.0 Safari/538.1","webSecurityEnabled":true}
[INFO  - 2015-05-18T18:27:54.211Z] Session [994a6ab0-fd8b-11e4-955c-412140d3a45d] - page.customHeaders:  - {}
[INFO  - 2015-05-18T18:27:54.211Z] Session [994a6ab0-fd8b-11e4-955c-412140d3a45d] - Session.negotiatedCapabilities - {"browserName":"phantomjs","version":"2.0.0","driverName":"ghostdriver","driverVersion":"1.2.0","platform":"windows-7-32bit","javascriptEnabled":true,"takesScreenshot":true,"handlesAlerts":false,"databaseEnabled":false,"locationContextEnabled":false,"applicationCacheEnabled":false,"browserConnectionEnabled":false,"cssSelectorsEnabled":true,"webStorageEnabled":false,"rotatable":false,"acceptSslCerts":false,"nativeEvents":true,"proxy":{"proxyType":"direct"}}
[INFO  - 2015-05-18T18:27:54.211Z] SessionManagerReqHand - _postNewSessionCommand - New Session Created: 994a6ab0-fd8b-11e4-955c-412140d3a45d
[INFO  - 2015-05-18T18:27:57.886Z] Session [994a6ab0-fd8b-11e4-955c-412140d3a45d] - page.settings - {"XSSAuditingEnabled":false,"javascriptCanCloseWindows":true,"javascriptCanOpenWindows":true,"javascriptEnabled":true,"loadImages":true,"localToRemoteUrlAccessEnabled":false,"userAgent":"Mozilla/5.0 (Windows NT 6.1; WOW64) AppleWebKit/538.1 (KHTML, like Gecko) PhantomJS/2.0.0 Safari/538.1","webSecurityEnabled":true}
[INFO  - 2015-05-18T18:27:57.887Z] Session [994a6ab0-fd8b-11e4-955c-412140d3a45d] - page.customHeaders:  - {}
[INFO  - 2015-05-18T18:27:59.151Z] ShutdownReqHand - _handle - About to shutdown
